<?xml version="1.0" encoding="UTF-8"?>
<!-- Generated by org.testng.reporters.JUnitXMLReporter -->
<testsuite hostname="OWCALW104SCN" ignored="0" name="Default test" tests="6" failures="0" timestamp="28 Apr 2019 15:48:08 GMT" time="88.988" errors="0">
  <testcase name="VerifySearchboxdisplayedwithSizeAbv1280" time="0.392" classname="com.nuts.qa.TestCases.SearchPageTest"/>
  <testcase name="VerifyAutopopulatedListAppearancewithSizeAbv1280" time="6.697" classname="com.nuts.qa.TestCases.SearchPageTest"/>
  <testcase name="VerifySearchboxdisplayedwithSizeblw600" time="4.234" classname="com.nuts.qa.TestCases.SearchPageTest"/>
  <testcase name="VerifyNoAutoSuggestionforMobileWidthBrowsersize" time="13.425" classname="com.nuts.qa.TestCases.SearchPageTest"/>
  <testcase name="VerifyAdditionalSearchIcondisplayedwithSizeblw600" time="8.214" classname="com.nuts.qa.TestCases.SearchPageTest"/>
  <testcase name="VerifyAutopopulatedTextforAddSearchiconSearchbox" time="17.631" classname="com.nuts.qa.TestCases.SearchPageTest"/>
</testsuite> <!-- Default test -->
