<?xml version="1.0" encoding="UTF-8"?>
<!-- Generated by org.testng.reporters.JUnitXMLReporter -->
<testsuite hostname="OWCALW104SCN" ignored="0" name="Nuts.com Application Test Cases" tests="6" failures="0" timestamp="27 Apr 2019 22:23:08 GMT" time="100.106" errors="0">
  <testcase name="VerifySearchboxdisplayedwithSizeAbv1280" time="0.12" classname="com.nuts.qa.TestCases.SearchPageTest"/>
  <testcase name="VerifyAutopopulatedListAppearancewithSizeAbv1280" time="6.58" classname="com.nuts.qa.TestCases.SearchPageTest"/>
  <testcase name="VerifySearchboxdisplayedwithSizeblw600" time="4.378" classname="com.nuts.qa.TestCases.SearchPageTest"/>
  <testcase name="VerifyNoAutoSuggestionforMobileWidthBrowsersize" time="13.55" classname="com.nuts.qa.TestCases.SearchPageTest"/>
  <testcase name="VerifyAdditionalSearchIcondisplayedwithSizeblw600" time="8.243" classname="com.nuts.qa.TestCases.SearchPageTest"/>
  <testcase name="VerifyAutopopulatedTextforAddSearchiconSearchbox" time="17.941" classname="com.nuts.qa.TestCases.SearchPageTest"/>
</testsuite> <!-- Nuts.com Application Test Cases -->
