<?xml version="1.0" encoding="UTF-8"?>
<testng-results skipped="0" failed="0" ignored="0" total="6" passed="6">
  <reporter-output>
  </reporter-output>
  <suite name="Default suite" duration-ms="88988" started-at="2019-04-28T15:46:39Z" finished-at="2019-04-28T15:48:08Z">
    <groups>
    </groups>
    <test name="Default test" duration-ms="88988" started-at="2019-04-28T15:46:39Z" finished-at="2019-04-28T15:48:08Z">
      <class name="com.nuts.qa.TestCases.SearchPageTest">
        <test-method status="PASS" signature="setUp()[pri:0, instance:com.nuts.qa.TestCases.SearchPageTest@7823a2f9]" name="setUp" is-config="true" duration-ms="7177" started-at="2019-04-28T11:46:39Z" finished-at="2019-04-28T11:46:46Z">
          <reporter-output>
          </reporter-output>
        </test-method> <!-- setUp -->
        <test-method status="PASS" signature="VerifySearchboxdisplayedwithSizeAbv1280()[pri:1, instance:com.nuts.qa.TestCases.SearchPageTest@7823a2f9]" name="VerifySearchboxdisplayedwithSizeAbv1280" duration-ms="392" started-at="2019-04-28T11:46:46Z" finished-at="2019-04-28T11:46:46Z">
          <reporter-output>
          </reporter-output>
        </test-method> <!-- VerifySearchboxdisplayedwithSizeAbv1280 -->
        <test-method status="PASS" signature="tearDown()[pri:0, instance:com.nuts.qa.TestCases.SearchPageTest@7823a2f9]" name="tearDown" is-config="true" duration-ms="766" started-at="2019-04-28T11:46:46Z" finished-at="2019-04-28T11:46:47Z">
          <reporter-output>
          </reporter-output>
        </test-method> <!-- tearDown -->
        <test-method status="PASS" signature="setUp()[pri:0, instance:com.nuts.qa.TestCases.SearchPageTest@7823a2f9]" name="setUp" is-config="true" duration-ms="5434" started-at="2019-04-28T11:46:47Z" finished-at="2019-04-28T11:46:52Z">
          <reporter-output>
          </reporter-output>
        </test-method> <!-- setUp -->
        <test-method status="PASS" signature="VerifyAutopopulatedListAppearancewithSizeAbv1280()[pri:2, instance:com.nuts.qa.TestCases.SearchPageTest@7823a2f9]" name="VerifyAutopopulatedListAppearancewithSizeAbv1280" duration-ms="6697" started-at="2019-04-28T11:46:52Z" finished-at="2019-04-28T11:46:59Z">
          <reporter-output>
          </reporter-output>
        </test-method> <!-- VerifyAutopopulatedListAppearancewithSizeAbv1280 -->
        <test-method status="PASS" signature="tearDown()[pri:0, instance:com.nuts.qa.TestCases.SearchPageTest@7823a2f9]" name="tearDown" is-config="true" duration-ms="753" started-at="2019-04-28T11:46:59Z" finished-at="2019-04-28T11:47:00Z">
          <reporter-output>
          </reporter-output>
        </test-method> <!-- tearDown -->
        <test-method status="PASS" signature="setUp()[pri:0, instance:com.nuts.qa.TestCases.SearchPageTest@7823a2f9]" name="setUp" is-config="true" duration-ms="5540" started-at="2019-04-28T11:47:00Z" finished-at="2019-04-28T11:47:05Z">
          <reporter-output>
          </reporter-output>
        </test-method> <!-- setUp -->
        <test-method status="PASS" signature="VerifySearchboxdisplayedwithSizeblw600()[pri:3, instance:com.nuts.qa.TestCases.SearchPageTest@7823a2f9]" name="VerifySearchboxdisplayedwithSizeblw600" duration-ms="4234" started-at="2019-04-28T11:47:05Z" finished-at="2019-04-28T11:47:10Z">
          <reporter-output>
          </reporter-output>
        </test-method> <!-- VerifySearchboxdisplayedwithSizeblw600 -->
        <test-method status="PASS" signature="tearDown()[pri:0, instance:com.nuts.qa.TestCases.SearchPageTest@7823a2f9]" name="tearDown" is-config="true" duration-ms="749" started-at="2019-04-28T11:47:10Z" finished-at="2019-04-28T11:47:10Z">
          <reporter-output>
          </reporter-output>
        </test-method> <!-- tearDown -->
        <test-method status="PASS" signature="setUp()[pri:0, instance:com.nuts.qa.TestCases.SearchPageTest@7823a2f9]" name="setUp" is-config="true" duration-ms="5366" started-at="2019-04-28T11:47:10Z" finished-at="2019-04-28T11:47:16Z">
          <reporter-output>
          </reporter-output>
        </test-method> <!-- setUp -->
        <test-method status="PASS" signature="VerifyNoAutoSuggestionforMobileWidthBrowsersize()[pri:4, instance:com.nuts.qa.TestCases.SearchPageTest@7823a2f9]" name="VerifyNoAutoSuggestionforMobileWidthBrowsersize" duration-ms="13425" started-at="2019-04-28T11:47:16Z" finished-at="2019-04-28T11:47:29Z">
          <reporter-output>
          </reporter-output>
        </test-method> <!-- VerifyNoAutoSuggestionforMobileWidthBrowsersize -->
        <test-method status="PASS" signature="tearDown()[pri:0, instance:com.nuts.qa.TestCases.SearchPageTest@7823a2f9]" name="tearDown" is-config="true" duration-ms="766" started-at="2019-04-28T11:47:29Z" finished-at="2019-04-28T11:47:30Z">
          <reporter-output>
          </reporter-output>
        </test-method> <!-- tearDown -->
        <test-method status="PASS" signature="setUp()[pri:0, instance:com.nuts.qa.TestCases.SearchPageTest@7823a2f9]" name="setUp" is-config="true" duration-ms="5224" started-at="2019-04-28T11:47:30Z" finished-at="2019-04-28T11:47:35Z">
          <reporter-output>
          </reporter-output>
        </test-method> <!-- setUp -->
        <test-method status="PASS" signature="VerifyAdditionalSearchIcondisplayedwithSizeblw600()[pri:5, instance:com.nuts.qa.TestCases.SearchPageTest@7823a2f9]" name="VerifyAdditionalSearchIcondisplayedwithSizeblw600" duration-ms="8214" started-at="2019-04-28T11:47:35Z" finished-at="2019-04-28T11:47:43Z">
          <reporter-output>
          </reporter-output>
        </test-method> <!-- VerifyAdditionalSearchIcondisplayedwithSizeblw600 -->
        <test-method status="PASS" signature="tearDown()[pri:0, instance:com.nuts.qa.TestCases.SearchPageTest@7823a2f9]" name="tearDown" is-config="true" duration-ms="752" started-at="2019-04-28T11:47:43Z" finished-at="2019-04-28T11:47:44Z">
          <reporter-output>
          </reporter-output>
        </test-method> <!-- tearDown -->
        <test-method status="PASS" signature="setUp()[pri:0, instance:com.nuts.qa.TestCases.SearchPageTest@7823a2f9]" name="setUp" is-config="true" duration-ms="5074" started-at="2019-04-28T11:47:44Z" finished-at="2019-04-28T11:47:49Z">
          <reporter-output>
          </reporter-output>
        </test-method> <!-- setUp -->
        <test-method status="PASS" signature="VerifyAutopopulatedTextforAddSearchiconSearchbox()[pri:6, instance:com.nuts.qa.TestCases.SearchPageTest@7823a2f9]" name="VerifyAutopopulatedTextforAddSearchiconSearchbox" duration-ms="17631" started-at="2019-04-28T11:47:49Z" finished-at="2019-04-28T11:48:07Z">
          <reporter-output>
          </reporter-output>
        </test-method> <!-- VerifyAutopopulatedTextforAddSearchiconSearchbox -->
        <test-method status="PASS" signature="tearDown()[pri:0, instance:com.nuts.qa.TestCases.SearchPageTest@7823a2f9]" name="tearDown" is-config="true" duration-ms="745" started-at="2019-04-28T11:48:07Z" finished-at="2019-04-28T11:48:08Z">
          <reporter-output>
          </reporter-output>
        </test-method> <!-- tearDown -->
      </class> <!-- com.nuts.qa.TestCases.SearchPageTest -->
    </test> <!-- Default test -->
  </suite> <!-- Default suite -->
</testng-results>
